{"contracts/Raffle.sol":{"l":{"48":3,"49":3,"50":3,"51":3,"52":3,"53":3,"54":3,"55":3,"59":5,"60":1,"62":4,"63":1,"65":3,"66":3,"81":1,"82":1,"83":1,"84":1,"85":1,"95":1,"96":1,"97":0,"104":1,"105":1,"112":1,"123":0,"124":0,"125":0,"126":0,"128":0,"129":0,"130":0,"131":0,"132":0,"134":0,"139":5,"142":1,"145":0,"148":1,"151":0,"154":0,"157":0,"160":5},"path":"/Users/tylerroll/Desktop/lottery/server/contracts/Raffle.sol","s":{"1":3,"2":3,"3":3,"4":3,"5":3,"6":3,"7":3,"8":3,"9":5,"10":4,"11":3,"12":3,"13":1,"14":1,"15":1,"16":1,"17":1,"18":1,"19":1,"20":1,"21":1,"22":1,"23":0,"24":0,"25":0,"26":0,"27":0,"28":0,"29":0,"30":0,"31":0,"32":5,"33":1,"34":0,"35":1,"36":0,"37":0,"38":0,"39":5},"b":{"1":[1,4],"2":[1,3],"3":[0,1],"4":[0,0]},"f":{"1":3,"2":5,"3":1,"4":1,"5":0,"6":5,"7":1,"8":0,"9":1,"10":0,"11":0,"12":0,"13":5},"fnMap":{"1":{"name":"constructor","line":46,"loc":{"start":{"line":39,"column":4},"end":{"line":56,"column":8}}},"2":{"name":"enterRaffle","line":58,"loc":{"start":{"line":58,"column":4},"end":{"line":67,"column":4}}},"3":{"name":"checkUpkeep","line":69,"loc":{"start":{"line":69,"column":4},"end":{"line":86,"column":4}}},"4":{"name":"performUpkeep","line":88,"loc":{"start":{"line":88,"column":4},"end":{"line":113,"column":4}}},"5":{"name":"fulfillRandomWords","line":115,"loc":{"start":{"line":115,"column":4},"end":{"line":135,"column":4}}},"6":{"name":"getEntranceFee","line":138,"loc":{"start":{"line":138,"column":4},"end":{"line":140,"column":4}}},"7":{"name":"getPlayer","line":141,"loc":{"start":{"line":141,"column":4},"end":{"line":143,"column":4}}},"8":{"name":"getRecentWinner","line":144,"loc":{"start":{"line":144,"column":4},"end":{"line":146,"column":4}}},"9":{"name":"getRaffleState","line":147,"loc":{"start":{"line":147,"column":4},"end":{"line":149,"column":4}}},"10":{"name":"getWords","line":150,"loc":{"start":{"line":150,"column":4},"end":{"line":152,"column":4}}},"11":{"name":"getNumberOfPlayers","line":153,"loc":{"start":{"line":153,"column":4},"end":{"line":155,"column":4}}},"12":{"name":"getTimeStamp","line":156,"loc":{"start":{"line":156,"column":4},"end":{"line":158,"column":4}}},"13":{"name":"getInterval","line":159,"loc":{"start":{"line":159,"column":4},"end":{"line":161,"column":4}}}},"statementMap":{"1":{"start":{"line":48,"column":8},"end":{"line":48,"column":34}},"2":{"start":{"line":49,"column":8},"end":{"line":49,"column":69}},"3":{"start":{"line":50,"column":8},"end":{"line":50,"column":26}},"4":{"start":{"line":51,"column":8},"end":{"line":51,"column":22}},"5":{"start":{"line":52,"column":8},"end":{"line":52,"column":44}},"6":{"start":{"line":53,"column":8},"end":{"line":53,"column":39}},"7":{"start":{"line":54,"column":8},"end":{"line":54,"column":40}},"8":{"start":{"line":55,"column":8},"end":{"line":55,"column":28}},"9":{"start":{"line":59,"column":8},"end":{"line":59,"column":1990}},"10":{"start":{"line":62,"column":8},"end":{"line":62,"column":2088}},"11":{"start":{"line":65,"column":8},"end":{"line":65,"column":42}},"12":{"start":{"line":66,"column":8},"end":{"line":66,"column":36}},"13":{"start":{"line":81,"column":8},"end":{"line":81,"column":57}},"14":{"start":{"line":82,"column":8},"end":{"line":82,"column":77}},"15":{"start":{"line":83,"column":8},"end":{"line":83,"column":48}},"16":{"start":{"line":84,"column":8},"end":{"line":84,"column":51}},"17":{"start":{"line":85,"column":8},"end":{"line":85,"column":72}},"18":{"start":{"line":95,"column":8},"end":{"line":95,"column":47}},"19":{"start":{"line":96,"column":8},"end":{"line":96,"column":3059}},"20":{"start":{"line":104,"column":8},"end":{"line":104,"column":46}},"21":{"start":{"line":105,"column":8},"end":{"line":105,"column":3330}},"22":{"start":{"line":112,"column":8},"end":{"line":112,"column":45}},"23":{"start":{"line":123,"column":8},"end":{"line":123,"column":65}},"24":{"start":{"line":124,"column":8},"end":{"line":124,"column":63}},"25":{"start":{"line":125,"column":8},"end":{"line":125,"column":36}},"26":{"start":{"line":126,"column":8},"end":{"line":126,"column":39}},"27":{"start":{"line":128,"column":8},"end":{"line":128,"column":43}},"28":{"start":{"line":129,"column":8},"end":{"line":129,"column":40}},"29":{"start":{"line":130,"column":8},"end":{"line":130,"column":78}},"30":{"start":{"line":131,"column":8},"end":{"line":131,"column":4155}},"31":{"start":{"line":134,"column":8},"end":{"line":134,"column":39}},"32":{"start":{"line":139,"column":8},"end":{"line":139,"column":28}},"33":{"start":{"line":142,"column":8},"end":{"line":142,"column":31}},"34":{"start":{"line":145,"column":8},"end":{"line":145,"column":29}},"35":{"start":{"line":148,"column":8},"end":{"line":148,"column":28}},"36":{"start":{"line":151,"column":8},"end":{"line":151,"column":24}},"37":{"start":{"line":154,"column":8},"end":{"line":154,"column":31}},"38":{"start":{"line":157,"column":8},"end":{"line":157,"column":30}},"39":{"start":{"line":160,"column":8},"end":{"line":160,"column":25}}},"branchMap":{"1":{"line":59,"type":"if","locations":[{"start":{"line":59,"column":8},"end":{"line":59,"column":8}},{"start":{"line":59,"column":8},"end":{"line":59,"column":8}}]},"2":{"line":62,"type":"if","locations":[{"start":{"line":62,"column":8},"end":{"line":62,"column":8}},{"start":{"line":62,"column":8},"end":{"line":62,"column":8}}]},"3":{"line":96,"type":"if","locations":[{"start":{"line":96,"column":8},"end":{"line":96,"column":8}},{"start":{"line":96,"column":8},"end":{"line":96,"column":8}}]},"4":{"line":131,"type":"if","locations":[{"start":{"line":131,"column":8},"end":{"line":131,"column":8}},{"start":{"line":131,"column":8},"end":{"line":131,"column":8}}]}}},"contracts/test/VRFCoordinatorV2Mock.sol":{"l":{},"path":"/Users/tylerroll/Desktop/lottery/server/contracts/test/VRFCoordinatorV2Mock.sol","s":{},"b":{},"f":{},"fnMap":{},"statementMap":{},"branchMap":{}}}