TN:
SF:/Users/tylerroll/Desktop/lottery/server/contracts/Raffle.sol
FN:46,constructor
FN:58,enterRaffle
FN:69,checkUpkeep
FN:88,performUpkeep
FN:115,fulfillRandomWords
FN:138,getEntranceFee
FN:141,getPlayer
FN:144,getRecentWinner
FN:147,getRaffleState
FN:150,getWords
FN:153,getNumberOfPlayers
FN:156,getTimeStamp
FN:159,getInterval
FNF:13
FNH:8
FNDA:3,constructor
FNDA:5,enterRaffle
FNDA:1,checkUpkeep
FNDA:1,performUpkeep
FNDA:0,fulfillRandomWords
FNDA:5,getEntranceFee
FNDA:1,getPlayer
FNDA:0,getRecentWinner
FNDA:1,getRaffleState
FNDA:0,getWords
FNDA:0,getNumberOfPlayers
FNDA:0,getTimeStamp
FNDA:5,getInterval
DA:48,3
DA:49,3
DA:50,3
DA:51,3
DA:52,3
DA:53,3
DA:54,3
DA:55,3
DA:59,5
DA:60,1
DA:62,4
DA:63,1
DA:65,3
DA:66,3
DA:81,1
DA:82,1
DA:83,1
DA:84,1
DA:85,1
DA:95,1
DA:96,1
DA:97,0
DA:104,1
DA:105,1
DA:112,1
DA:123,0
DA:124,0
DA:125,0
DA:126,0
DA:128,0
DA:129,0
DA:130,0
DA:131,0
DA:132,0
DA:134,0
DA:139,5
DA:142,1
DA:145,0
DA:148,1
DA:151,0
DA:154,0
DA:157,0
DA:160,5
LF:43
LH:28
BRDA:59,1,0,1
BRDA:59,1,1,4
BRDA:62,2,0,1
BRDA:62,2,1,3
BRDA:96,3,0,0
BRDA:96,3,1,1
BRDA:131,4,0,0
BRDA:131,4,1,0
BRF:8
BRH:5
end_of_record
TN:
SF:/Users/tylerroll/Desktop/lottery/server/contracts/test/VRFCoordinatorV2Mock.sol
FNF:0
FNH:0
LF:0
LH:0
BRF:0
BRH:0
end_of_record
